example_apps/AndroidStudioMinnie/twimight/build/outputs/logs/manifest-merger-debug-report.txt
-- Merging decision tree log ---
manifest
ADDED from src/main/AndroidManifest.xml:4:1-273:12
	package
		ADDED from src/main/AndroidManifest.xml:6:2-28
		INJECTED from src/main/AndroidManifest.xml
		INJECTED from src/main/AndroidManifest.xml
	android:versionName
		ADDED from src/main/AndroidManifest.xml:8:2-30
		INJECTED from src/main/AndroidManifest.xml
		INJECTED from src/main/AndroidManifest.xml
	android:versionCode
		ADDED from src/main/AndroidManifest.xml:7:2-31
		INJECTED from src/main/AndroidManifest.xml
		INJECTED from src/main/AndroidManifest.xml
	xmlns:android
		ADDED from src/main/AndroidManifest.xml:5:2-60
uses-permission#android.permission.INTERNET
ADDED from src/main/AndroidManifest.xml:10:2-63
	android:name
		ADDED from src/main/AndroidManifest.xml:10:19-61
uses-permission#android.permission.ACCESS_NETWORK_STATE
ADDED from src/main/AndroidManifest.xml:11:2-75
	android:name
		ADDED from src/main/AndroidManifest.xml:11:19-73
uses-permission#android.permission.BLUETOOTH_ADMIN
ADDED from src/main/AndroidManifest.xml:12:2-70
	android:name
		ADDED from src/main/AndroidManifest.xml:12:19-68
uses-permission#android.permission.BLUETOOTH
ADDED from src/main/AndroidManifest.xml:13:2-64
	android:name
		ADDED from src/main/AndroidManifest.xml:13:19-62
uses-permission#android.permission.WAKE_LOCK
ADDED from src/main/AndroidManifest.xml:14:2-64
	android:name
		ADDED from src/main/AndroidManifest.xml:14:19-62
uses-permission#android.permission.READ_LOGS
ADDED from src/main/AndroidManifest.xml:15:2-64
	android:name
		ADDED from src/main/AndroidManifest.xml:15:19-62
uses-permission#android.permission.RESTART_PACKAGES
ADDED from src/main/AndroidManifest.xml:16:2-71
	android:name
		ADDED from src/main/AndroidManifest.xml:16:19-69
uses-permission#android.permission.WRITE_EXTERNAL_STORAGE
ADDED from src/main/AndroidManifest.xml:17:2-77
	android:name
		ADDED from src/main/AndroidManifest.xml:17:19-75
uses-permission#android.permission.GET_TASKS
ADDED from src/main/AndroidManifest.xml:18:2-64
	android:name
		ADDED from src/main/AndroidManifest.xml:18:19-62
uses-permission#android.permission.ACCESS_FINE_LOCATION
ADDED from src/main/AndroidManifest.xml:19:2-75
	android:name
		ADDED from src/main/AndroidManifest.xml:19:19-73
uses-permission#android.permission.RECEIVE_BOOT_COMPLETED
ADDED from src/main/AndroidManifest.xml:20:2-77
	android:name
		ADDED from src/main/AndroidManifest.xml:20:19-75
uses-permission#android.permission.VIBRATE
ADDED from src/main/AndroidManifest.xml:21:2-62
	android:name
		ADDED from src/main/AndroidManifest.xml:21:19-60
uses-permission#ch.ethz.twimight.CONTENT_PROVIDERS
ADDED from src/main/AndroidManifest.xml:22:2-70
	android:name
		ADDED from src/main/AndroidManifest.xml:22:19-68
permission#ch.ethz.twimight.CONTENT_PROVIDERS
ADDED from src/main/AndroidManifest.xml:24:2-28:40
	android:label
		ADDED from src/main/AndroidManifest.xml:27:3-55
	android:protectionLevel
		ADDED from src/main/AndroidManifest.xml:28:3-38
	android:description
		ADDED from src/main/AndroidManifest.xml:26:3-48
	android:name
		ADDED from src/main/AndroidManifest.xml:25:3-52
uses-sdk
ADDED from src/main/AndroidManifest.xml:30:2-32:34
	android:targetSdkVersion
		ADDED from src/main/AndroidManifest.xml:32:3-32
		INJECTED from src/main/AndroidManifest.xml
		INJECTED from src/main/AndroidManifest.xml
	android:minSdkVersion
		ADDED from src/main/AndroidManifest.xml:31:3-29
		INJECTED from src/main/AndroidManifest.xml
		INJECTED from src/main/AndroidManifest.xml
uses-feature#android.hardware.bluetooth
ADDED from src/main/AndroidManifest.xml:34:2-36:29
	android:required
		ADDED from src/main/AndroidManifest.xml:36:3-27
	android:name
		ADDED from src/main/AndroidManifest.xml:35:3-44
uses-feature#android.hardware.touchscreen
ADDED from src/main/AndroidManifest.xml:37:2-61
	android:name
		ADDED from src/main/AndroidManifest.xml:37:16-59
application
ADDED from src/main/AndroidManifest.xml:39:2-271:16
	android:label
		ADDED from src/main/AndroidManifest.xml:42:3-35
	android:supportsRtl
		ADDED from src/main/AndroidManifest.xml:43:3-29
	android:hardwareAccelerated
		ADDED from src/main/AndroidManifest.xml:40:3-37
	android:icon
		ADDED from src/main/AndroidManifest.xml:41:3-39
	android:name
		ADDED from src/main/AndroidManifest.xml:44:3-66
activity#ch.ethz.twimight.activities.ConditionsActivity
ADDED from src/main/AndroidManifest.xml:48:3-58:14
	android:launchMode
		ADDED from src/main/AndroidManifest.xml:50:4-34
	android:noHistory
		ADDED from src/main/AndroidManifest.xml:51:4-29
	android:theme
		ADDED from src/main/AndroidManifest.xml:52:4-62
	android:name
		ADDED from src/main/AndroidManifest.xml:49:4-65
intent-filter#android.intent.action.MAIN+android.intent.category.LAUNCHER
ADDED from src/main/AndroidManifest.xml:53:4-57:20
action#android.intent.action.MAIN
ADDED from src/main/AndroidManifest.xml:54:5-56
	android:name
		ADDED from src/main/AndroidManifest.xml:54:13-54
category#android.intent.category.LAUNCHER
ADDED from src/main/AndroidManifest.xml:56:5-64
	android:name
		ADDED from src/main/AndroidManifest.xml:56:15-62
activity#ch.ethz.twimight.activities.TipsActivity
ADDED from src/main/AndroidManifest.xml:59:3-64:14
	android:launchMode
		ADDED from src/main/AndroidManifest.xml:61:4-34
	android:noHistory
		ADDED from src/main/AndroidManifest.xml:62:4-29
	android:theme
		ADDED from src/main/AndroidManifest.xml:63:4-62
	android:name
		ADDED from src/main/AndroidManifest.xml:60:4-59
activity#ch.ethz.twimight.activities.LoginActivity
ADDED from src/main/AndroidManifest.xml:65:3-80:14
	android:launchMode
		ADDED from src/main/AndroidManifest.xml:67:4-34
	android:noHistory
		ADDED from src/main/AndroidManifest.xml:68:4-29
	android:theme
		ADDED from src/main/AndroidManifest.xml:69:4-62
	android:name
		ADDED from src/main/AndroidManifest.xml:66:4-60
intent-filter#android.intent.action.VIEW+android.intent.category.BROWSABLE+android.intent.category.DEFAULT
ADDED from src/main/AndroidManifest.xml:70:4-79:20
action#android.intent.action.VIEW
ADDED from src/main/AndroidManifest.xml:71:5-56
	android:name
		ADDED from src/main/AndroidManifest.xml:71:13-54
category#android.intent.category.DEFAULT
ADDED from src/main/AndroidManifest.xml:73:5-63
	android:name
		ADDED from src/main/AndroidManifest.xml:73:15-61
category#android.intent.category.BROWSABLE
ADDED from src/main/AndroidManifest.xml:74:5-65
	android:name
		ADDED from src/main/AndroidManifest.xml:74:15-63
data
ADDED from src/main/AndroidManifest.xml:76:5-78:31
	android:host
		ADDED from src/main/AndroidManifest.xml:77:6-29
	android:scheme
		ADDED from src/main/AndroidManifest.xml:78:6-29
activity#ch.ethz.twimight.activities.SearchableActivity
ADDED from src/main/AndroidManifest.xml:81:3-94:14
	android:label
		ADDED from src/main/AndroidManifest.xml:83:4-42
	android:launchMode
		ADDED from src/main/AndroidManifest.xml:84:4-35
	android:name
		ADDED from src/main/AndroidManifest.xml:82:4-65
intent-filter#android.intent.action.SEARCH+android.intent.category.DEFAULT
ADDED from src/main/AndroidManifest.xml:85:4-89:20
action#android.intent.action.SEARCH
ADDED from src/main/AndroidManifest.xml:86:5-58
	android:name
		ADDED from src/main/AndroidManifest.xml:86:13-56
meta-data#android.app.searchable
ADDED from src/main/AndroidManifest.xml:91:4-93:41
	android:resource
		ADDED from src/main/AndroidManifest.xml:93:5-39
	android:name
		ADDED from src/main/AndroidManifest.xml:92:5-42
activity#ch.ethz.twimight.activities.HomeScreenActivity
ADDED from src/main/AndroidManifest.xml:95:3-113:14
	android:label
		ADDED from src/main/AndroidManifest.xml:97:4-36
	android:launchMode
		ADDED from src/main/AndroidManifest.xml:98:4-34
	android:name
		ADDED from src/main/AndroidManifest.xml:96:4-65
meta-data#android.app.default_searchable
ADDED from src/main/AndroidManifest.xml:110:4-112:53
	android:value
		ADDED from src/main/AndroidManifest.xml:112:5-51
	android:name
		ADDED from src/main/AndroidManifest.xml:111:5-50
activity#ch.ethz.twimight.activities.UserTweetListActivity
ADDED from src/main/AndroidManifest.xml:114:3-121:14
	android:label
		ADDED from src/main/AndroidManifest.xml:116:4-34
	android:launchMode
		ADDED from src/main/AndroidManifest.xml:117:4-34
	android:name
		ADDED from src/main/AndroidManifest.xml:115:4-68
activity#ch.ethz.twimight.activities.TweetDetailActivity
ADDED from src/main/AndroidManifest.xml:122:3-128:14
	android:label
		ADDED from src/main/AndroidManifest.xml:124:4-33
	android:name
		ADDED from src/main/AndroidManifest.xml:123:4-66
activity#ch.ethz.twimight.activities.UserProfileActivity
ADDED from src/main/AndroidManifest.xml:129:3-136:14
	android:label
		ADDED from src/main/AndroidManifest.xml:131:4-35
	android:launchMode
		ADDED from src/main/AndroidManifest.xml:132:4-34
	android:name
		ADDED from src/main/AndroidManifest.xml:130:4-66
activity#ch.ethz.twimight.activities.UserListActivity
ADDED from src/main/AndroidManifest.xml:137:3-144:14
	android:label
		ADDED from src/main/AndroidManifest.xml:139:4-36
	android:launchMode
		ADDED from src/main/AndroidManifest.xml:140:4-34
	android:name
		ADDED from src/main/AndroidManifest.xml:138:4-63
activity#ch.ethz.twimight.activities.DmConversationListActivity
ADDED from src/main/AndroidManifest.xml:145:3-152:14
	android:label
		ADDED from src/main/AndroidManifest.xml:147:4-43
	android:launchMode
		ADDED from src/main/AndroidManifest.xml:148:4-34
	android:name
		ADDED from src/main/AndroidManifest.xml:146:4-73
activity#ch.ethz.twimight.activities.DmListActivity
ADDED from src/main/AndroidManifest.xml:153:3-164:14
	android:label
		ADDED from src/main/AndroidManifest.xml:156:4-43
	android:parentActivityName
		ADDED from src/main/AndroidManifest.xml:155:4-87
	android:name
		ADDED from src/main/AndroidManifest.xml:154:4-61
meta-data#android.support.PARENT_ACTIVITY
ADDED from src/main/AndroidManifest.xml:161:4-163:77
	android:value
		ADDED from src/main/AndroidManifest.xml:163:5-75
	android:name
		ADDED from src/main/AndroidManifest.xml:162:5-51
activity#ch.ethz.twimight.activities.ComposeTweetActivity
ADDED from src/main/AndroidManifest.xml:165:3-169:48
	android:launchMode
		ADDED from src/main/AndroidManifest.xml:167:4-34
	android:windowSoftInputMode
		ADDED from src/main/AndroidManifest.xml:169:4-46
	android:theme
		ADDED from src/main/AndroidManifest.xml:168:4-43
	android:name
		ADDED from src/main/AndroidManifest.xml:166:4-67
activity#ch.ethz.twimight.activities.ComposeDmActivity
ADDED from src/main/AndroidManifest.xml:170:3-174:48
	android:launchMode
		ADDED from src/main/AndroidManifest.xml:172:4-34
	android:windowSoftInputMode
		ADDED from src/main/AndroidManifest.xml:174:4-46
	android:theme
		ADDED from src/main/AndroidManifest.xml:173:4-43
	android:name
		ADDED from src/main/AndroidManifest.xml:171:4-64
activity#ch.ethz.twimight.activities.SettingsActivity
ADDED from src/main/AndroidManifest.xml:175:3-177:38
	android:label
		ADDED from src/main/AndroidManifest.xml:177:4-36
	android:name
		ADDED from src/main/AndroidManifest.xml:176:4-63
activity#ch.ethz.twimight.activities.AboutActivity
ADDED from src/main/AndroidManifest.xml:178:3-180:64
	android:theme
		ADDED from src/main/AndroidManifest.xml:180:4-62
	android:name
		ADDED from src/main/AndroidManifest.xml:179:4-60
activity#ch.ethz.twimight.activities.WebViewActivity
ADDED from src/main/AndroidManifest.xml:181:3-183:64
	android:theme
		ADDED from src/main/AndroidManifest.xml:183:4-62
	android:name
		ADDED from src/main/AndroidManifest.xml:182:4-62
activity#ch.ethz.twimight.activities.PhotoViewActivity
ADDED from src/main/AndroidManifest.xml:184:3-187:14
	android:theme
		ADDED from src/main/AndroidManifest.xml:186:4-43
	android:name
		ADDED from src/main/AndroidManifest.xml:185:4-64
activity#ch.ethz.twimight.activities.UrlRedirectActivity
ADDED from src/main/AndroidManifest.xml:188:3-208:14
	android:name
		ADDED from src/main/AndroidManifest.xml:188:13-75
service#ch.ethz.twimight.net.tds.TDSService
ADDED from src/main/AndroidManifest.xml:212:3-214:28
	android:enabled
		ADDED from src/main/AndroidManifest.xml:214:4-26
	android:name
		ADDED from src/main/AndroidManifest.xml:213:4-54
service#ch.ethz.twimight.net.opportunistic.ScanningService
ADDED from src/main/AndroidManifest.xml:215:3-217:28
	android:enabled
		ADDED from src/main/AndroidManifest.xml:217:4-26
	android:name
		ADDED from src/main/AndroidManifest.xml:216:4-69
service#ch.ethz.twimight.net.Html.HtmlService
ADDED from src/main/AndroidManifest.xml:218:3-220:28
	android:enabled
		ADDED from src/main/AndroidManifest.xml:220:4-26
	android:name
		ADDED from src/main/AndroidManifest.xml:219:4-56
service#ch.ethz.twimight.net.twitter.TwitterSyncService
ADDED from src/main/AndroidManifest.xml:221:3-76
	android:name
		ADDED from src/main/AndroidManifest.xml:221:12-74
service#ch.ethz.twimight.net.twitter.TweetActionService
ADDED from src/main/AndroidManifest.xml:222:3-76
	android:name
		ADDED from src/main/AndroidManifest.xml:222:12-74
service#ch.ethz.twimight.net.twitter.NotificationService
ADDED from src/main/AndroidManifest.xml:223:3-77
	android:name
		ADDED from src/main/AndroidManifest.xml:223:12-75
receiver#ch.ethz.twimight.util.CommunicationReceiver
ADDED from src/main/AndroidManifest.xml:227:3-234:14
	android:enabled
		ADDED from src/main/AndroidManifest.xml:229:4-26
	android:priority
		ADDED from src/main/AndroidManifest.xml:230:4-24
	android:name
		ADDED from src/main/AndroidManifest.xml:228:4-62
intent-filter#android.net.conn.CONNECTIVITY_CHANGE
ADDED from src/main/AndroidManifest.xml:231:4-233:20
action#android.net.conn.CONNECTIVITY_CHANGE
ADDED from src/main/AndroidManifest.xml:232:5-66
	android:name
		ADDED from src/main/AndroidManifest.xml:232:13-64
receiver#ch.ethz.twimight.util.BootReceiver
ADDED from src/main/AndroidManifest.xml:235:3-242:14
	android:enabled
		ADDED from src/main/AndroidManifest.xml:237:4-26
	android:permission
		ADDED from src/main/AndroidManifest.xml:238:4-66
	android:name
		ADDED from src/main/AndroidManifest.xml:236:4-53
intent-filter#android.intent.action.BOOT_COMPLETED
ADDED from src/main/AndroidManifest.xml:239:4-241:20
action#android.intent.action.BOOT_COMPLETED
ADDED from src/main/AndroidManifest.xml:240:5-66
	android:name
		ADDED from src/main/AndroidManifest.xml:240:13-64
receiver#ch.ethz.twimight.net.opportunistic.ScanningAlarm
ADDED from src/main/AndroidManifest.xml:243:3-245:28
	android:enabled
		ADDED from src/main/AndroidManifest.xml:245:4-26
	android:name
		ADDED from src/main/AndroidManifest.xml:244:4-67
receiver#ch.ethz.twimight.net.tds.TDSAlarm
ADDED from src/main/AndroidManifest.xml:246:3-248:28
	android:enabled
		ADDED from src/main/AndroidManifest.xml:248:4-26
	android:name
		ADDED from src/main/AndroidManifest.xml:247:4-52
receiver#ch.ethz.twimight.net.twitter.TwitterAlarm
ADDED from src/main/AndroidManifest.xml:249:3-251:28
	android:enabled
		ADDED from src/main/AndroidManifest.xml:251:4-26
	android:name
		ADDED from src/main/AndroidManifest.xml:250:4-60
provider#ch.ethz.twimight.net.twitter.TweetsContentProvider
ADDED from src/main/AndroidManifest.xml:254:3-258:61
	android:authorities
		ADDED from src/main/AndroidManifest.xml:256:4-49
	android:exported
		ADDED from src/main/AndroidManifest.xml:257:4-27
	android:permission
		ADDED from src/main/AndroidManifest.xml:258:4-59
	android:name
		ADDED from src/main/AndroidManifest.xml:255:4-69
provider#ch.ethz.twimight.net.twitter.TwitterUsersContentProvider
ADDED from src/main/AndroidManifest.xml:259:3-262:61
	android:authorities
		ADDED from src/main/AndroidManifest.xml:261:4-55
	android:permission
		ADDED from src/main/AndroidManifest.xml:262:4-59
	android:name
		ADDED from src/main/AndroidManifest.xml:260:4-75
provider#ch.ethz.twimight.net.twitter.DirectMessagesContentProvider
ADDED from src/main/AndroidManifest.xml:263:3-266:61
	android:authorities
		ADDED from src/main/AndroidManifest.xml:265:4-46
	android:permission
		ADDED from src/main/AndroidManifest.xml:266:4-59
	android:name
		ADDED from src/main/AndroidManifest.xml:264:4-77
provider#ch.ethz.twimight.util.TwimightSuggestionProvider
ADDED from src/main/AndroidManifest.xml:267:3-270:30
	android:authorities
		ADDED from src/main/AndroidManifest.xml:269:4-69
	android:exported
		ADDED from src/main/AndroidManifest.xml:270:4-28
	android:name
		ADDED from src/main/AndroidManifest.xml:268:4-67